c:\users\jas\documents\gamesprogramming\yr3\gameengine\gpengine\gpengine-master\build\haruengine.dir\debug\haruengine.pdb
c:\users\jas\documents\gamesprogramming\yr3\gameengine\gpengine\gpengine-master\build\haruengine.dir\debug\transform.obj
c:\users\jas\documents\gamesprogramming\yr3\gameengine\gpengine\gpengine-master\build\haruengine.dir\debug\exception.obj
c:\users\jas\documents\gamesprogramming\yr3\gameengine\gpengine\gpengine-master\build\haruengine.dir\debug\audio.obj
c:\users\jas\documents\gamesprogramming\yr3\gameengine\gpengine\gpengine-master\build\haruengine.dir\debug\vertexarray.obj
c:\users\jas\documents\gamesprogramming\yr3\gameengine\gpengine\gpengine-master\build\haruengine.dir\debug\vertexbuffer.obj
c:\users\jas\documents\gamesprogramming\yr3\gameengine\gpengine\gpengine-master\build\haruengine.dir\debug\shaderprogram.obj
c:\users\jas\documents\gamesprogramming\yr3\gameengine\gpengine\gpengine-master\build\haruengine.dir\debug\meshrenderer.obj
c:\users\jas\documents\gamesprogramming\yr3\gameengine\gpengine\gpengine-master\build\haruengine.dir\debug\keyboard.obj
c:\users\jas\documents\gamesprogramming\yr3\gameengine\gpengine\gpengine-master\build\haruengine.dir\debug\domain.obj
c:\users\jas\documents\gamesprogramming\yr3\gameengine\gpengine\gpengine-master\build\haruengine.dir\debug\segment.obj
c:\users\jas\documents\gamesprogramming\yr3\gameengine\gpengine\gpengine-master\build\haruengine.dir\debug\root.obj
c:\users\jas\documents\gamesprogramming\yr3\gameengine\gpengine\gpengine-master\build\haruengine.dir\debug\object.obj
c:\users\jas\documents\gamesprogramming\yr3\gameengine\gpengine\gpengine-master\build\cmakefiles\generate.stamp
c:\users\jas\documents\gamesprogramming\yr3\gameengine\gpengine\gpengine-master\build\haruengine.dir\debug\haruengine.tlog\cl.command.1.tlog
c:\users\jas\documents\gamesprogramming\yr3\gameengine\gpengine\gpengine-master\build\haruengine.dir\debug\haruengine.tlog\cl.read.1.tlog
c:\users\jas\documents\gamesprogramming\yr3\gameengine\gpengine\gpengine-master\build\haruengine.dir\debug\haruengine.tlog\cl.write.1.tlog
c:\users\jas\documents\gamesprogramming\yr3\gameengine\gpengine\gpengine-master\build\haruengine.dir\debug\haruengine.tlog\custombuild.command.1.tlog
c:\users\jas\documents\gamesprogramming\yr3\gameengine\gpengine\gpengine-master\build\haruengine.dir\debug\haruengine.tlog\custombuild.read.1.tlog
c:\users\jas\documents\gamesprogramming\yr3\gameengine\gpengine\gpengine-master\build\haruengine.dir\debug\haruengine.tlog\custombuild.write.1.tlog
